<?xml version="1.0" encoding="UTF-8"?>
<!-- Generated by org.testng.reporters.JUnitXMLReporter -->
<testsuite ignored="0" hostname="LAPTOP-3DLIS3TI" failures="0" tests="3" name="Test" time="61.253" errors="0" timestamp="2024-08-22T06:23:47 IST">
  <testcase classname="testcasesluma.LoginFunctionality" name="logintest" time="9.611"/>
  <testcase classname="testcasesluma.LoginFunctionality" name="logintest" time="10.897"/>
  <testcase classname="testcasesluma.LoginFunctionality" name="logintest" time="11.994"/>
</testsuite> <!-- Test -->
