<?xml version="1.0" encoding="UTF-8"?>
<testng-results ignored="0" total="3" passed="3" failed="0" skipped="0">
  <reporter-output>
  </reporter-output>
  <suite started-at="2024-08-22T06:22:45 IST" name="Suite" finished-at="2024-08-22T06:23:47 IST" duration-ms="61253">
    <groups>
    </groups>
    <test started-at="2024-08-22T06:22:45 IST" name="Test" finished-at="2024-08-22T06:23:47 IST" duration-ms="61253">
      <class name="testcasesluma.LoginFunctionality">
        <test-method is-config="true" signature="OpenApplication(java.lang.String,java.lang.String)[pri:0, instance:testcasesluma.LoginFunctionality@4e08711f]" started-at="2024-08-22T06:22:46 IST" name="OpenApplication" finished-at="2024-08-22T06:23:14 IST" duration-ms="27272" status="PASS">
          <params>
            <param index="0">
              <value>
                <![CDATA[Chrome]]>
              </value>
            </param>
            <param index="1">
              <value>
                <![CDATA[ https://magento.softwaretestingboard.com/]]>
              </value>
            </param>
          </params>
          <reporter-output>
          </reporter-output>
        </test-method> <!-- OpenApplication -->
        <test-method signature="logintest(java.lang.String,java.lang.String)[pri:0, instance:testcasesluma.LoginFunctionality@4e08711f]" started-at="2024-08-22T06:23:14 IST" name="logintest" data-provider="data" finished-at="2024-08-22T06:23:23 IST" duration-ms="9611" status="PASS">
          <params>
            <param index="0">
              <value>
                <![CDATA[srilaxmichalla]]>
              </value>
            </param>
            <param index="1">
              <value>
                <![CDATA[Tester@123]]>
              </value>
            </param>
          </params>
          <reporter-output>
          </reporter-output>
        </test-method> <!-- logintest -->
        <test-method signature="logintest(java.lang.String,java.lang.String)[pri:0, instance:testcasesluma.LoginFunctionality@4e08711f]" started-at="2024-08-22T06:23:23 IST" name="logintest" data-provider="data" finished-at="2024-08-22T06:23:34 IST" duration-ms="10897" status="PASS">
          <params>
            <param index="0">
              <value>
                <![CDATA[Srilaxmi]]>
              </value>
            </param>
            <param index="1">
              <value>
                <![CDATA[Tester]]>
              </value>
            </param>
          </params>
          <reporter-output>
          </reporter-output>
        </test-method> <!-- logintest -->
        <test-method signature="logintest(java.lang.String,java.lang.String)[pri:0, instance:testcasesluma.LoginFunctionality@4e08711f]" started-at="2024-08-22T06:23:34 IST" name="logintest" data-provider="data" finished-at="2024-08-22T06:23:46 IST" duration-ms="11994" status="PASS">
          <params>
            <param index="0">
              <value>
                <![CDATA[Challa]]>
              </value>
            </param>
            <param index="1">
              <value>
                <![CDATA[tester@12]]>
              </value>
            </param>
          </params>
          <reporter-output>
          </reporter-output>
        </test-method> <!-- logintest -->
        <test-method is-config="true" signature="CloseApplication()[pri:0, instance:testcasesluma.LoginFunctionality@4e08711f]" started-at="2024-08-22T06:23:46 IST" name="CloseApplication" finished-at="2024-08-22T06:23:47 IST" duration-ms="296" status="PASS">
          <reporter-output>
          </reporter-output>
        </test-method> <!-- CloseApplication -->
      </class> <!-- testcasesluma.LoginFunctionality -->
    </test> <!-- Test -->
  </suite> <!-- Suite -->
</testng-results>
